{"/home/antwika/development/antwika/solid-memo/packages/inrupt-solid-client-repository/src/InruptSolidClientRepository.ts": {"path":"/home/antwika/development/antwika/solid-memo/packages/inrupt-solid-client-repository/src/InruptSolidClientRepository.ts","all":false,"statementMap":{"0":{"start":{"line":1,"column":0},"end":{"line":1,"column":8}},"8":{"start":{"line":9,"column":0},"end":{"line":9,"column":8}},"29":{"start":{"line":30,"column":0},"end":{"line":30,"column":34}},"31":{"start":{"line":32,"column":0},"end":{"line":32,"column":79}},"32":{"start":{"line":33,"column":0},"end":{"line":33,"column":55}},"34":{"start":{"line":35,"column":0},"end":{"line":35,"column":65}},"35":{"start":{"line":36,"column":0},"end":{"line":36,"column":16}},"36":{"start":{"line":37,"column":0},"end":{"line":37,"column":31}},"37":{"start":{"line":38,"column":0},"end":{"line":38,"column":3}},"39":{"start":{"line":40,"column":0},"end":{"line":40,"column":16}},"40":{"start":{"line":41,"column":0},"end":{"line":41,"column":45}},"41":{"start":{"line":42,"column":0},"end":{"line":42,"column":3}},"43":{"start":{"line":44,"column":0},"end":{"line":44,"column":14}},"44":{"start":{"line":45,"column":0},"end":{"line":45,"column":35}},"45":{"start":{"line":46,"column":0},"end":{"line":46,"column":3}},"47":{"start":{"line":48,"column":0},"end":{"line":48,"column":14}},"48":{"start":{"line":49,"column":0},"end":{"line":49,"column":40}},"49":{"start":{"line":50,"column":0},"end":{"line":50,"column":3}},"51":{"start":{"line":52,"column":0},"end":{"line":52,"column":21}},"55":{"start":{"line":56,"column":0},"end":{"line":56,"column":6}},"56":{"start":{"line":57,"column":0},"end":{"line":57,"column":41}},"57":{"start":{"line":58,"column":0},"end":{"line":58,"column":3}},"59":{"start":{"line":60,"column":0},"end":{"line":60,"column":18}},"60":{"start":{"line":61,"column":0},"end":{"line":61,"column":59}},"61":{"start":{"line":62,"column":0},"end":{"line":62,"column":3}},"63":{"start":{"line":64,"column":0},"end":{"line":64,"column":31}},"64":{"start":{"line":65,"column":0},"end":{"line":65,"column":45}},"65":{"start":{"line":66,"column":0},"end":{"line":66,"column":20}},"66":{"start":{"line":67,"column":0},"end":{"line":67,"column":38}},"68":{"start":{"line":69,"column":0},"end":{"line":69,"column":63}},"69":{"start":{"line":70,"column":0},"end":{"line":70,"column":67}},"71":{"start":{"line":72,"column":0},"end":{"line":72,"column":75}},"72":{"start":{"line":73,"column":0},"end":{"line":73,"column":3}},"74":{"start":{"line":75,"column":0},"end":{"line":75,"column":40}},"75":{"start":{"line":76,"column":0},"end":{"line":76,"column":54}},"76":{"start":{"line":77,"column":0},"end":{"line":77,"column":53}},"78":{"start":{"line":79,"column":0},"end":{"line":79,"column":65}},"80":{"start":{"line":81,"column":0},"end":{"line":81,"column":34}},"81":{"start":{"line":82,"column":0},"end":{"line":82,"column":17}},"82":{"start":{"line":83,"column":0},"end":{"line":83,"column":51}},"83":{"start":{"line":84,"column":0},"end":{"line":84,"column":6}},"85":{"start":{"line":86,"column":0},"end":{"line":86,"column":23}},"86":{"start":{"line":87,"column":0},"end":{"line":87,"column":3}},"88":{"start":{"line":89,"column":0},"end":{"line":89,"column":30}},"89":{"start":{"line":90,"column":0},"end":{"line":90,"column":34}},"91":{"start":{"line":92,"column":0},"end":{"line":92,"column":62}},"93":{"start":{"line":94,"column":0},"end":{"line":94,"column":49}},"94":{"start":{"line":95,"column":0},"end":{"line":95,"column":29}},"95":{"start":{"line":96,"column":0},"end":{"line":96,"column":7}},"96":{"start":{"line":97,"column":0},"end":{"line":97,"column":65}},"98":{"start":{"line":99,"column":0},"end":{"line":99,"column":35}},"99":{"start":{"line":100,"column":0},"end":{"line":100,"column":50}},"100":{"start":{"line":101,"column":0},"end":{"line":101,"column":26}},"101":{"start":{"line":102,"column":0},"end":{"line":102,"column":71}},"102":{"start":{"line":103,"column":0},"end":{"line":103,"column":7}},"103":{"start":{"line":104,"column":0},"end":{"line":104,"column":14}},"105":{"start":{"line":106,"column":0},"end":{"line":106,"column":23}},"106":{"start":{"line":107,"column":0},"end":{"line":107,"column":3}},"108":{"start":{"line":109,"column":0},"end":{"line":109,"column":65}},"109":{"start":{"line":110,"column":0},"end":{"line":110,"column":34}},"111":{"start":{"line":112,"column":0},"end":{"line":112,"column":62}},"113":{"start":{"line":114,"column":0},"end":{"line":114,"column":49}},"114":{"start":{"line":115,"column":0},"end":{"line":115,"column":29}},"115":{"start":{"line":116,"column":0},"end":{"line":116,"column":7}},"117":{"start":{"line":118,"column":0},"end":{"line":118,"column":65}},"119":{"start":{"line":120,"column":0},"end":{"line":120,"column":35}},"120":{"start":{"line":121,"column":0},"end":{"line":121,"column":50}},"121":{"start":{"line":122,"column":0},"end":{"line":122,"column":26}},"122":{"start":{"line":123,"column":0},"end":{"line":123,"column":77}},"123":{"start":{"line":124,"column":0},"end":{"line":124,"column":7}},"124":{"start":{"line":125,"column":0},"end":{"line":125,"column":14}},"126":{"start":{"line":127,"column":0},"end":{"line":127,"column":46}},"127":{"start":{"line":128,"column":0},"end":{"line":128,"column":37}},"128":{"start":{"line":129,"column":0},"end":{"line":129,"column":63}},"129":{"start":{"line":130,"column":0},"end":{"line":130,"column":7}},"130":{"start":{"line":131,"column":0},"end":{"line":131,"column":6}},"132":{"start":{"line":133,"column":0},"end":{"line":133,"column":41}},"133":{"start":{"line":134,"column":0},"end":{"line":134,"column":59}},"134":{"start":{"line":135,"column":0},"end":{"line":135,"column":14}},"136":{"start":{"line":137,"column":0},"end":{"line":137,"column":44}},"137":{"start":{"line":138,"column":0},"end":{"line":138,"column":50}},"138":{"start":{"line":139,"column":0},"end":{"line":139,"column":26}},"139":{"start":{"line":140,"column":0},"end":{"line":140,"column":18}},"140":{"start":{"line":141,"column":0},"end":{"line":141,"column":21}},"141":{"start":{"line":142,"column":0},"end":{"line":142,"column":61}},"142":{"start":{"line":143,"column":0},"end":{"line":143,"column":9}},"143":{"start":{"line":144,"column":0},"end":{"line":144,"column":7}},"144":{"start":{"line":145,"column":0},"end":{"line":145,"column":14}},"146":{"start":{"line":147,"column":0},"end":{"line":147,"column":53}},"147":{"start":{"line":148,"column":0},"end":{"line":148,"column":28}},"148":{"start":{"line":149,"column":0},"end":{"line":149,"column":18}},"149":{"start":{"line":150,"column":0},"end":{"line":150,"column":23}},"150":{"start":{"line":151,"column":0},"end":{"line":151,"column":61}},"151":{"start":{"line":152,"column":0},"end":{"line":152,"column":9}},"152":{"start":{"line":153,"column":0},"end":{"line":153,"column":7}},"153":{"start":{"line":154,"column":0},"end":{"line":154,"column":14}},"155":{"start":{"line":156,"column":0},"end":{"line":156,"column":37}},"156":{"start":{"line":157,"column":0},"end":{"line":157,"column":30}},"157":{"start":{"line":158,"column":0},"end":{"line":158,"column":37}},"158":{"start":{"line":159,"column":0},"end":{"line":159,"column":6}},"160":{"start":{"line":161,"column":0},"end":{"line":161,"column":35}},"161":{"start":{"line":162,"column":0},"end":{"line":162,"column":3}},"163":{"start":{"line":164,"column":0},"end":{"line":164,"column":50}},"164":{"start":{"line":165,"column":0},"end":{"line":165,"column":32}},"165":{"start":{"line":166,"column":0},"end":{"line":166,"column":54}},"167":{"start":{"line":168,"column":0},"end":{"line":168,"column":55}},"168":{"start":{"line":169,"column":0},"end":{"line":169,"column":55}},"169":{"start":{"line":170,"column":0},"end":{"line":170,"column":46}},"170":{"start":{"line":171,"column":0},"end":{"line":171,"column":33}},"171":{"start":{"line":172,"column":0},"end":{"line":172,"column":10}},"172":{"start":{"line":173,"column":0},"end":{"line":173,"column":7}},"173":{"start":{"line":174,"column":0},"end":{"line":174,"column":6}},"175":{"start":{"line":176,"column":0},"end":{"line":176,"column":36}},"176":{"start":{"line":177,"column":0},"end":{"line":177,"column":24}},"177":{"start":{"line":178,"column":0},"end":{"line":178,"column":65}},"178":{"start":{"line":179,"column":0},"end":{"line":179,"column":46}},"179":{"start":{"line":180,"column":0},"end":{"line":180,"column":9}},"180":{"start":{"line":181,"column":0},"end":{"line":181,"column":7}},"181":{"start":{"line":182,"column":0},"end":{"line":182,"column":13}},"183":{"start":{"line":184,"column":0},"end":{"line":184,"column":62}},"184":{"start":{"line":185,"column":0},"end":{"line":185,"column":32}},"185":{"start":{"line":186,"column":0},"end":{"line":186,"column":22}},"186":{"start":{"line":187,"column":0},"end":{"line":187,"column":32}},"187":{"start":{"line":188,"column":0},"end":{"line":188,"column":60}},"188":{"start":{"line":189,"column":0},"end":{"line":189,"column":61}},"189":{"start":{"line":190,"column":0},"end":{"line":190,"column":12}},"190":{"start":{"line":191,"column":0},"end":{"line":191,"column":22}},"191":{"start":{"line":192,"column":0},"end":{"line":192,"column":32}},"192":{"start":{"line":193,"column":0},"end":{"line":193,"column":54}},"193":{"start":{"line":194,"column":0},"end":{"line":194,"column":58}},"194":{"start":{"line":195,"column":0},"end":{"line":195,"column":9}},"195":{"start":{"line":196,"column":0},"end":{"line":196,"column":6}},"197":{"start":{"line":198,"column":0},"end":{"line":198,"column":44}},"198":{"start":{"line":199,"column":0},"end":{"line":199,"column":34}},"199":{"start":{"line":200,"column":0},"end":{"line":200,"column":18}},"200":{"start":{"line":201,"column":0},"end":{"line":201,"column":29}},"201":{"start":{"line":202,"column":0},"end":{"line":202,"column":53}},"202":{"start":{"line":203,"column":0},"end":{"line":203,"column":9}},"203":{"start":{"line":204,"column":0},"end":{"line":204,"column":7}},"204":{"start":{"line":205,"column":0},"end":{"line":205,"column":14}},"206":{"start":{"line":207,"column":0},"end":{"line":207,"column":24}},"207":{"start":{"line":208,"column":0},"end":{"line":208,"column":3}},"209":{"start":{"line":210,"column":0},"end":{"line":210,"column":22}},"210":{"start":{"line":211,"column":0},"end":{"line":211,"column":35}},"211":{"start":{"line":212,"column":0},"end":{"line":212,"column":45}},"212":{"start":{"line":213,"column":0},"end":{"line":213,"column":24}},"213":{"start":{"line":214,"column":0},"end":{"line":214,"column":65}},"215":{"start":{"line":216,"column":0},"end":{"line":216,"column":47}},"216":{"start":{"line":217,"column":0},"end":{"line":217,"column":39}},"217":{"start":{"line":218,"column":0},"end":{"line":218,"column":64}},"218":{"start":{"line":219,"column":0},"end":{"line":219,"column":7}},"219":{"start":{"line":220,"column":0},"end":{"line":220,"column":6}},"221":{"start":{"line":222,"column":0},"end":{"line":222,"column":43}},"222":{"start":{"line":223,"column":0},"end":{"line":223,"column":61}},"223":{"start":{"line":224,"column":0},"end":{"line":224,"column":13}},"224":{"start":{"line":225,"column":0},"end":{"line":225,"column":32}},"225":{"start":{"line":226,"column":0},"end":{"line":226,"column":22}},"226":{"start":{"line":227,"column":0},"end":{"line":227,"column":24}},"227":{"start":{"line":228,"column":0},"end":{"line":228,"column":60}},"228":{"start":{"line":229,"column":0},"end":{"line":229,"column":58}},"229":{"start":{"line":230,"column":0},"end":{"line":230,"column":9}},"230":{"start":{"line":231,"column":0},"end":{"line":231,"column":8}},"232":{"start":{"line":233,"column":0},"end":{"line":233,"column":75}},"233":{"start":{"line":234,"column":0},"end":{"line":234,"column":31}},"234":{"start":{"line":235,"column":0},"end":{"line":235,"column":40}},"235":{"start":{"line":236,"column":0},"end":{"line":236,"column":33}},"236":{"start":{"line":237,"column":0},"end":{"line":237,"column":37}},"237":{"start":{"line":238,"column":0},"end":{"line":238,"column":26}},"238":{"start":{"line":239,"column":0},"end":{"line":239,"column":54}},"239":{"start":{"line":240,"column":0},"end":{"line":240,"column":12}},"240":{"start":{"line":241,"column":0},"end":{"line":241,"column":34}},"241":{"start":{"line":242,"column":0},"end":{"line":242,"column":26}},"242":{"start":{"line":243,"column":0},"end":{"line":243,"column":51}},"243":{"start":{"line":244,"column":0},"end":{"line":244,"column":12}},"244":{"start":{"line":245,"column":0},"end":{"line":245,"column":29}},"245":{"start":{"line":246,"column":0},"end":{"line":246,"column":26}},"246":{"start":{"line":247,"column":0},"end":{"line":247,"column":54}},"247":{"start":{"line":248,"column":0},"end":{"line":248,"column":12}},"248":{"start":{"line":249,"column":0},"end":{"line":249,"column":39}},"249":{"start":{"line":250,"column":0},"end":{"line":250,"column":26}},"250":{"start":{"line":251,"column":0},"end":{"line":251,"column":67}},"251":{"start":{"line":252,"column":0},"end":{"line":252,"column":12}},"252":{"start":{"line":253,"column":0},"end":{"line":253,"column":11}},"253":{"start":{"line":254,"column":0},"end":{"line":254,"column":37}},"254":{"start":{"line":255,"column":0},"end":{"line":255,"column":19}},"255":{"start":{"line":256,"column":0},"end":{"line":256,"column":8}},"256":{"start":{"line":257,"column":0},"end":{"line":257,"column":8}},"257":{"start":{"line":258,"column":0},"end":{"line":258,"column":6}},"259":{"start":{"line":260,"column":0},"end":{"line":260,"column":21}},"260":{"start":{"line":261,"column":0},"end":{"line":261,"column":3}},"262":{"start":{"line":263,"column":0},"end":{"line":263,"column":77}},"263":{"start":{"line":264,"column":0},"end":{"line":264,"column":24}},"264":{"start":{"line":265,"column":0},"end":{"line":265,"column":65}},"266":{"start":{"line":267,"column":0},"end":{"line":267,"column":47}},"267":{"start":{"line":268,"column":0},"end":{"line":268,"column":39}},"268":{"start":{"line":269,"column":0},"end":{"line":269,"column":64}},"269":{"start":{"line":270,"column":0},"end":{"line":270,"column":7}},"270":{"start":{"line":271,"column":0},"end":{"line":271,"column":6}},"272":{"start":{"line":273,"column":0},"end":{"line":273,"column":43}},"273":{"start":{"line":274,"column":0},"end":{"line":274,"column":61}},"274":{"start":{"line":275,"column":0},"end":{"line":275,"column":14}},"276":{"start":{"line":277,"column":0},"end":{"line":277,"column":72}},"277":{"start":{"line":278,"column":0},"end":{"line":278,"column":20}},"278":{"start":{"line":279,"column":0},"end":{"line":279,"column":22}},"279":{"start":{"line":280,"column":0},"end":{"line":280,"column":58}},"280":{"start":{"line":281,"column":0},"end":{"line":281,"column":56}},"281":{"start":{"line":282,"column":0},"end":{"line":282,"column":7}},"282":{"start":{"line":283,"column":0},"end":{"line":283,"column":6}},"284":{"start":{"line":285,"column":0},"end":{"line":285,"column":40}},"285":{"start":{"line":286,"column":0},"end":{"line":286,"column":34}},"286":{"start":{"line":287,"column":0},"end":{"line":287,"column":18}},"287":{"start":{"line":288,"column":0},"end":{"line":288,"column":29}},"288":{"start":{"line":289,"column":0},"end":{"line":289,"column":52}},"289":{"start":{"line":290,"column":0},"end":{"line":290,"column":9}},"290":{"start":{"line":291,"column":0},"end":{"line":291,"column":7}},"291":{"start":{"line":292,"column":0},"end":{"line":292,"column":14}},"293":{"start":{"line":294,"column":0},"end":{"line":294,"column":20}},"294":{"start":{"line":295,"column":0},"end":{"line":295,"column":3}},"296":{"start":{"line":297,"column":0},"end":{"line":297,"column":78}},"297":{"start":{"line":298,"column":0},"end":{"line":298,"column":57}},"299":{"start":{"line":300,"column":0},"end":{"line":300,"column":31}},"300":{"start":{"line":301,"column":0},"end":{"line":301,"column":34}},"301":{"start":{"line":302,"column":0},"end":{"line":302,"column":14}},"302":{"start":{"line":303,"column":0},"end":{"line":303,"column":3}},"304":{"start":{"line":305,"column":0},"end":{"line":305,"column":18}},"305":{"start":{"line":306,"column":0},"end":{"line":306,"column":31}},"306":{"start":{"line":307,"column":0},"end":{"line":307,"column":41}},"307":{"start":{"line":308,"column":0},"end":{"line":308,"column":72}},"309":{"start":{"line":310,"column":0},"end":{"line":310,"column":43}},"310":{"start":{"line":311,"column":0},"end":{"line":311,"column":31}},"311":{"start":{"line":312,"column":0},"end":{"line":312,"column":60}},"312":{"start":{"line":313,"column":0},"end":{"line":313,"column":7}},"313":{"start":{"line":314,"column":0},"end":{"line":314,"column":6}},"315":{"start":{"line":316,"column":0},"end":{"line":316,"column":35}},"316":{"start":{"line":317,"column":0},"end":{"line":317,"column":53}},"317":{"start":{"line":318,"column":0},"end":{"line":318,"column":13}},"318":{"start":{"line":319,"column":0},"end":{"line":319,"column":28}},"319":{"start":{"line":320,"column":0},"end":{"line":320,"column":22}},"320":{"start":{"line":321,"column":0},"end":{"line":321,"column":20}},"321":{"start":{"line":322,"column":0},"end":{"line":322,"column":60}},"322":{"start":{"line":323,"column":0},"end":{"line":323,"column":49}},"323":{"start":{"line":324,"column":0},"end":{"line":324,"column":9}},"324":{"start":{"line":325,"column":0},"end":{"line":325,"column":8}},"326":{"start":{"line":327,"column":0},"end":{"line":327,"column":63}},"327":{"start":{"line":328,"column":0},"end":{"line":328,"column":27}},"328":{"start":{"line":329,"column":0},"end":{"line":329,"column":32}},"329":{"start":{"line":330,"column":0},"end":{"line":330,"column":29}},"330":{"start":{"line":331,"column":0},"end":{"line":331,"column":37}},"331":{"start":{"line":332,"column":0},"end":{"line":332,"column":22}},"332":{"start":{"line":333,"column":0},"end":{"line":333,"column":54}},"333":{"start":{"line":334,"column":0},"end":{"line":334,"column":12}},"334":{"start":{"line":335,"column":0},"end":{"line":335,"column":34}},"335":{"start":{"line":336,"column":0},"end":{"line":336,"column":22}},"336":{"start":{"line":337,"column":0},"end":{"line":337,"column":51}},"337":{"start":{"line":338,"column":0},"end":{"line":338,"column":12}},"338":{"start":{"line":339,"column":0},"end":{"line":339,"column":34}},"339":{"start":{"line":340,"column":0},"end":{"line":340,"column":22}},"340":{"start":{"line":341,"column":0},"end":{"line":341,"column":51}},"341":{"start":{"line":342,"column":0},"end":{"line":342,"column":12}},"342":{"start":{"line":343,"column":0},"end":{"line":343,"column":44}},"343":{"start":{"line":344,"column":0},"end":{"line":344,"column":22}},"344":{"start":{"line":345,"column":0},"end":{"line":345,"column":72}},"345":{"start":{"line":346,"column":0},"end":{"line":346,"column":12}},"346":{"start":{"line":347,"column":0},"end":{"line":347,"column":29}},"347":{"start":{"line":348,"column":0},"end":{"line":348,"column":22}},"348":{"start":{"line":349,"column":0},"end":{"line":349,"column":54}},"349":{"start":{"line":350,"column":0},"end":{"line":350,"column":12}},"350":{"start":{"line":351,"column":0},"end":{"line":351,"column":11}},"351":{"start":{"line":352,"column":0},"end":{"line":352,"column":29}},"352":{"start":{"line":353,"column":0},"end":{"line":353,"column":19}},"353":{"start":{"line":354,"column":0},"end":{"line":354,"column":8}},"354":{"start":{"line":355,"column":0},"end":{"line":355,"column":8}},"355":{"start":{"line":356,"column":0},"end":{"line":356,"column":6}},"357":{"start":{"line":358,"column":0},"end":{"line":358,"column":17}},"358":{"start":{"line":359,"column":0},"end":{"line":359,"column":3}},"360":{"start":{"line":361,"column":0},"end":{"line":361,"column":23}},"361":{"start":{"line":362,"column":0},"end":{"line":362,"column":27}},"362":{"start":{"line":363,"column":0},"end":{"line":363,"column":46}},"363":{"start":{"line":364,"column":0},"end":{"line":364,"column":48}},"364":{"start":{"line":365,"column":0},"end":{"line":365,"column":41}},"365":{"start":{"line":366,"column":0},"end":{"line":366,"column":39}},"366":{"start":{"line":367,"column":0},"end":{"line":367,"column":33}},"367":{"start":{"line":368,"column":0},"end":{"line":368,"column":10}},"368":{"start":{"line":369,"column":0},"end":{"line":369,"column":7}},"369":{"start":{"line":370,"column":0},"end":{"line":370,"column":6}},"371":{"start":{"line":372,"column":0},"end":{"line":372,"column":29}},"372":{"start":{"line":373,"column":0},"end":{"line":373,"column":24}},"373":{"start":{"line":374,"column":0},"end":{"line":374,"column":51}},"374":{"start":{"line":375,"column":0},"end":{"line":375,"column":66}},"375":{"start":{"line":376,"column":0},"end":{"line":376,"column":26}},"376":{"start":{"line":377,"column":0},"end":{"line":377,"column":29}},"377":{"start":{"line":378,"column":0},"end":{"line":378,"column":64}},"378":{"start":{"line":379,"column":0},"end":{"line":379,"column":58}},"379":{"start":{"line":380,"column":0},"end":{"line":380,"column":13}},"380":{"start":{"line":381,"column":0},"end":{"line":381,"column":11}},"381":{"start":{"line":382,"column":0},"end":{"line":382,"column":9}},"382":{"start":{"line":383,"column":0},"end":{"line":383,"column":7}},"383":{"start":{"line":384,"column":0},"end":{"line":384,"column":13}},"385":{"start":{"line":386,"column":0},"end":{"line":386,"column":78}},"386":{"start":{"line":387,"column":0},"end":{"line":387,"column":32}},"387":{"start":{"line":388,"column":0},"end":{"line":388,"column":42}},"388":{"start":{"line":389,"column":0},"end":{"line":389,"column":34}},"389":{"start":{"line":390,"column":0},"end":{"line":390,"column":37}},"390":{"start":{"line":391,"column":0},"end":{"line":391,"column":27}},"391":{"start":{"line":392,"column":0},"end":{"line":392,"column":54}},"392":{"start":{"line":393,"column":0},"end":{"line":393,"column":12}},"393":{"start":{"line":394,"column":0},"end":{"line":394,"column":35}},"394":{"start":{"line":395,"column":0},"end":{"line":395,"column":27}},"395":{"start":{"line":396,"column":0},"end":{"line":396,"column":52}},"396":{"start":{"line":397,"column":0},"end":{"line":397,"column":12}},"397":{"start":{"line":398,"column":0},"end":{"line":398,"column":34}},"398":{"start":{"line":399,"column":0},"end":{"line":399,"column":27}},"399":{"start":{"line":400,"column":0},"end":{"line":400,"column":51}},"400":{"start":{"line":401,"column":0},"end":{"line":401,"column":12}},"401":{"start":{"line":402,"column":0},"end":{"line":402,"column":27}},"402":{"start":{"line":403,"column":0},"end":{"line":403,"column":27}},"403":{"start":{"line":404,"column":0},"end":{"line":404,"column":55}},"404":{"start":{"line":405,"column":0},"end":{"line":405,"column":12}},"405":{"start":{"line":406,"column":0},"end":{"line":406,"column":11}},"406":{"start":{"line":407,"column":0},"end":{"line":407,"column":39}},"407":{"start":{"line":408,"column":0},"end":{"line":408,"column":19}},"408":{"start":{"line":409,"column":0},"end":{"line":409,"column":8}},"409":{"start":{"line":410,"column":0},"end":{"line":410,"column":8}},"410":{"start":{"line":411,"column":0},"end":{"line":411,"column":6}},"412":{"start":{"line":413,"column":0},"end":{"line":413,"column":22}},"413":{"start":{"line":414,"column":0},"end":{"line":414,"column":3}},"415":{"start":{"line":416,"column":0},"end":{"line":416,"column":60}},"416":{"start":{"line":417,"column":0},"end":{"line":417,"column":32}},"417":{"start":{"line":418,"column":0},"end":{"line":418,"column":54}},"419":{"start":{"line":420,"column":0},"end":{"line":420,"column":42}},"420":{"start":{"line":421,"column":0},"end":{"line":421,"column":55}},"421":{"start":{"line":422,"column":0},"end":{"line":422,"column":40}},"422":{"start":{"line":423,"column":0},"end":{"line":423,"column":61}},"424":{"start":{"line":425,"column":0},"end":{"line":425,"column":51}},"425":{"start":{"line":426,"column":0},"end":{"line":426,"column":56}},"426":{"start":{"line":427,"column":0},"end":{"line":427,"column":89}},"428":{"start":{"line":429,"column":0},"end":{"line":429,"column":29}},"429":{"start":{"line":430,"column":0},"end":{"line":430,"column":65}},"431":{"start":{"line":432,"column":0},"end":{"line":432,"column":80}},"432":{"start":{"line":433,"column":0},"end":{"line":433,"column":29}},"433":{"start":{"line":434,"column":0},"end":{"line":434,"column":7}},"435":{"start":{"line":436,"column":0},"end":{"line":436,"column":78}},"437":{"start":{"line":438,"column":0},"end":{"line":438,"column":31}},"438":{"start":{"line":439,"column":0},"end":{"line":439,"column":71}},"440":{"start":{"line":441,"column":0},"end":{"line":441,"column":43}},"441":{"start":{"line":442,"column":0},"end":{"line":442,"column":93}},"443":{"start":{"line":444,"column":0},"end":{"line":444,"column":74}},"444":{"start":{"line":445,"column":0},"end":{"line":445,"column":14}},"445":{"start":{"line":446,"column":0},"end":{"line":446,"column":58}},"446":{"start":{"line":447,"column":0},"end":{"line":447,"column":59}},"447":{"start":{"line":448,"column":0},"end":{"line":448,"column":7}},"448":{"start":{"line":449,"column":0},"end":{"line":449,"column":14}},"449":{"start":{"line":450,"column":0},"end":{"line":450,"column":52}},"450":{"start":{"line":451,"column":0},"end":{"line":451,"column":56}},"451":{"start":{"line":452,"column":0},"end":{"line":452,"column":7}},"452":{"start":{"line":453,"column":0},"end":{"line":453,"column":71}},"453":{"start":{"line":454,"column":0},"end":{"line":454,"column":15}},"455":{"start":{"line":456,"column":0},"end":{"line":456,"column":52}},"456":{"start":{"line":457,"column":0},"end":{"line":457,"column":30}},"457":{"start":{"line":458,"column":0},"end":{"line":458,"column":34}},"458":{"start":{"line":459,"column":0},"end":{"line":459,"column":6}},"460":{"start":{"line":461,"column":0},"end":{"line":461,"column":29}},"461":{"start":{"line":462,"column":0},"end":{"line":462,"column":26}},"462":{"start":{"line":463,"column":0},"end":{"line":463,"column":37}},"463":{"start":{"line":464,"column":0},"end":{"line":464,"column":32}},"464":{"start":{"line":465,"column":0},"end":{"line":465,"column":6}},"466":{"start":{"line":467,"column":0},"end":{"line":467,"column":49}},"468":{"start":{"line":469,"column":0},"end":{"line":469,"column":62}},"470":{"start":{"line":471,"column":0},"end":{"line":471,"column":58}},"471":{"start":{"line":472,"column":0},"end":{"line":472,"column":14}},"472":{"start":{"line":473,"column":0},"end":{"line":473,"column":58}},"473":{"start":{"line":474,"column":0},"end":{"line":474,"column":56}},"474":{"start":{"line":475,"column":0},"end":{"line":475,"column":7}},"475":{"start":{"line":476,"column":0},"end":{"line":476,"column":14}},"476":{"start":{"line":477,"column":0},"end":{"line":477,"column":64}},"477":{"start":{"line":478,"column":0},"end":{"line":478,"column":35}},"478":{"start":{"line":479,"column":0},"end":{"line":479,"column":7}},"479":{"start":{"line":480,"column":0},"end":{"line":480,"column":73}},"480":{"start":{"line":481,"column":0},"end":{"line":481,"column":25}},"481":{"start":{"line":482,"column":0},"end":{"line":482,"column":48}},"482":{"start":{"line":483,"column":0},"end":{"line":483,"column":27}},"483":{"start":{"line":484,"column":0},"end":{"line":484,"column":7}},"484":{"start":{"line":485,"column":0},"end":{"line":485,"column":15}},"486":{"start":{"line":487,"column":0},"end":{"line":487,"column":44}},"487":{"start":{"line":488,"column":0},"end":{"line":488,"column":22}},"488":{"start":{"line":489,"column":0},"end":{"line":489,"column":26}},"489":{"start":{"line":490,"column":0},"end":{"line":490,"column":6}},"491":{"start":{"line":492,"column":0},"end":{"line":492,"column":67}},"492":{"start":{"line":493,"column":0},"end":{"line":493,"column":29}},"493":{"start":{"line":494,"column":0},"end":{"line":494,"column":7}},"494":{"start":{"line":495,"column":0},"end":{"line":495,"column":3}},"496":{"start":{"line":497,"column":0},"end":{"line":497,"column":19}},"497":{"start":{"line":498,"column":0},"end":{"line":498,"column":24}},"498":{"start":{"line":499,"column":0},"end":{"line":499,"column":32}},"499":{"start":{"line":500,"column":0},"end":{"line":500,"column":41}},"500":{"start":{"line":501,"column":0},"end":{"line":501,"column":64}},"501":{"start":{"line":502,"column":0},"end":{"line":502,"column":29}},"502":{"start":{"line":503,"column":0},"end":{"line":503,"column":7}},"504":{"start":{"line":505,"column":0},"end":{"line":505,"column":65}},"506":{"start":{"line":507,"column":0},"end":{"line":507,"column":23}},"507":{"start":{"line":508,"column":0},"end":{"line":508,"column":63}},"509":{"start":{"line":510,"column":0},"end":{"line":510,"column":48}},"510":{"start":{"line":511,"column":0},"end":{"line":511,"column":73}},"512":{"start":{"line":513,"column":0},"end":{"line":513,"column":58}},"513":{"start":{"line":514,"column":0},"end":{"line":514,"column":66}},"514":{"start":{"line":515,"column":0},"end":{"line":515,"column":15}},"516":{"start":{"line":517,"column":0},"end":{"line":517,"column":44}},"517":{"start":{"line":518,"column":0},"end":{"line":518,"column":22}},"518":{"start":{"line":519,"column":0},"end":{"line":519,"column":26}},"519":{"start":{"line":520,"column":0},"end":{"line":520,"column":6}},"521":{"start":{"line":522,"column":0},"end":{"line":522,"column":67}},"522":{"start":{"line":523,"column":0},"end":{"line":523,"column":29}},"523":{"start":{"line":524,"column":0},"end":{"line":524,"column":7}},"525":{"start":{"line":526,"column":0},"end":{"line":526,"column":65}},"526":{"start":{"line":527,"column":0},"end":{"line":527,"column":29}},"527":{"start":{"line":528,"column":0},"end":{"line":528,"column":7}},"529":{"start":{"line":530,"column":0},"end":{"line":530,"column":61}},"530":{"start":{"line":531,"column":0},"end":{"line":531,"column":14}},"531":{"start":{"line":532,"column":0},"end":{"line":532,"column":58}},"532":{"start":{"line":533,"column":0},"end":{"line":533,"column":47}},"533":{"start":{"line":534,"column":0},"end":{"line":534,"column":7}},"534":{"start":{"line":535,"column":0},"end":{"line":535,"column":25}},"535":{"start":{"line":536,"column":0},"end":{"line":536,"column":51}},"536":{"start":{"line":537,"column":0},"end":{"line":537,"column":20}},"537":{"start":{"line":538,"column":0},"end":{"line":538,"column":7}},"538":{"start":{"line":539,"column":0},"end":{"line":539,"column":76}},"539":{"start":{"line":540,"column":0},"end":{"line":540,"column":14}},"540":{"start":{"line":541,"column":0},"end":{"line":541,"column":69}},"541":{"start":{"line":542,"column":0},"end":{"line":542,"column":38}},"542":{"start":{"line":543,"column":0},"end":{"line":543,"column":7}},"543":{"start":{"line":544,"column":0},"end":{"line":544,"column":15}},"545":{"start":{"line":546,"column":0},"end":{"line":546,"column":74}},"547":{"start":{"line":548,"column":0},"end":{"line":548,"column":68}},"548":{"start":{"line":549,"column":0},"end":{"line":549,"column":29}},"549":{"start":{"line":550,"column":0},"end":{"line":550,"column":7}},"551":{"start":{"line":552,"column":0},"end":{"line":552,"column":55}},"553":{"start":{"line":554,"column":0},"end":{"line":554,"column":22}},"554":{"start":{"line":555,"column":0},"end":{"line":555,"column":3}},"556":{"start":{"line":557,"column":0},"end":{"line":557,"column":24}},"557":{"start":{"line":558,"column":0},"end":{"line":558,"column":24}},"558":{"start":{"line":559,"column":0},"end":{"line":559,"column":20}},"559":{"start":{"line":560,"column":0},"end":{"line":560,"column":42}},"560":{"start":{"line":561,"column":0},"end":{"line":561,"column":20}},"561":{"start":{"line":562,"column":0},"end":{"line":562,"column":56}},"562":{"start":{"line":563,"column":0},"end":{"line":563,"column":29}},"563":{"start":{"line":564,"column":0},"end":{"line":564,"column":7}},"565":{"start":{"line":566,"column":0},"end":{"line":566,"column":53}},"567":{"start":{"line":568,"column":0},"end":{"line":568,"column":73}},"569":{"start":{"line":570,"column":0},"end":{"line":570,"column":49}},"570":{"start":{"line":571,"column":0},"end":{"line":571,"column":79}},"572":{"start":{"line":573,"column":0},"end":{"line":573,"column":50}},"573":{"start":{"line":574,"column":0},"end":{"line":574,"column":71}},"574":{"start":{"line":575,"column":0},"end":{"line":575,"column":15}},"576":{"start":{"line":577,"column":0},"end":{"line":577,"column":71}},"578":{"start":{"line":579,"column":0},"end":{"line":579,"column":59}},"579":{"start":{"line":580,"column":0},"end":{"line":580,"column":29}},"580":{"start":{"line":581,"column":0},"end":{"line":581,"column":7}},"582":{"start":{"line":583,"column":0},"end":{"line":583,"column":64}},"583":{"start":{"line":584,"column":0},"end":{"line":584,"column":29}},"584":{"start":{"line":585,"column":0},"end":{"line":585,"column":7}},"586":{"start":{"line":587,"column":0},"end":{"line":587,"column":67}},"587":{"start":{"line":588,"column":0},"end":{"line":588,"column":14}},"588":{"start":{"line":589,"column":0},"end":{"line":589,"column":58}},"589":{"start":{"line":590,"column":0},"end":{"line":590,"column":52}},"590":{"start":{"line":591,"column":0},"end":{"line":591,"column":7}},"591":{"start":{"line":592,"column":0},"end":{"line":592,"column":25}},"592":{"start":{"line":593,"column":0},"end":{"line":593,"column":51}},"593":{"start":{"line":594,"column":0},"end":{"line":594,"column":25}},"594":{"start":{"line":595,"column":0},"end":{"line":595,"column":7}},"595":{"start":{"line":596,"column":0},"end":{"line":596,"column":25}},"596":{"start":{"line":597,"column":0},"end":{"line":597,"column":49}},"597":{"start":{"line":598,"column":0},"end":{"line":598,"column":23}},"598":{"start":{"line":599,"column":0},"end":{"line":599,"column":7}},"599":{"start":{"line":600,"column":0},"end":{"line":600,"column":25}},"600":{"start":{"line":601,"column":0},"end":{"line":601,"column":48}},"601":{"start":{"line":602,"column":0},"end":{"line":602,"column":22}},"602":{"start":{"line":603,"column":0},"end":{"line":603,"column":7}},"603":{"start":{"line":604,"column":0},"end":{"line":604,"column":78}},"604":{"start":{"line":605,"column":0},"end":{"line":605,"column":15}},"606":{"start":{"line":607,"column":0},"end":{"line":607,"column":77}},"608":{"start":{"line":609,"column":0},"end":{"line":609,"column":67}},"609":{"start":{"line":610,"column":0},"end":{"line":610,"column":29}},"610":{"start":{"line":611,"column":0},"end":{"line":611,"column":7}},"611":{"start":{"line":612,"column":0},"end":{"line":612,"column":3}},"613":{"start":{"line":614,"column":0},"end":{"line":614,"column":66}},"614":{"start":{"line":615,"column":0},"end":{"line":615,"column":65}},"615":{"start":{"line":616,"column":0},"end":{"line":616,"column":29}},"616":{"start":{"line":617,"column":0},"end":{"line":617,"column":7}},"618":{"start":{"line":619,"column":0},"end":{"line":619,"column":66}},"620":{"start":{"line":621,"column":0},"end":{"line":621,"column":73}},"622":{"start":{"line":623,"column":0},"end":{"line":623,"column":39}},"623":{"start":{"line":624,"column":0},"end":{"line":624,"column":20}},"624":{"start":{"line":625,"column":0},"end":{"line":625,"column":45}},"625":{"start":{"line":626,"column":0},"end":{"line":626,"column":6}},"627":{"start":{"line":628,"column":0},"end":{"line":628,"column":45}},"629":{"start":{"line":630,"column":0},"end":{"line":630,"column":31}},"630":{"start":{"line":631,"column":0},"end":{"line":631,"column":50}},"631":{"start":{"line":632,"column":0},"end":{"line":632,"column":22}},"632":{"start":{"line":633,"column":0},"end":{"line":633,"column":48}},"633":{"start":{"line":634,"column":0},"end":{"line":634,"column":12}},"634":{"start":{"line":635,"column":0},"end":{"line":635,"column":8}},"635":{"start":{"line":636,"column":0},"end":{"line":636,"column":5}},"637":{"start":{"line":638,"column":0},"end":{"line":638,"column":45}},"638":{"start":{"line":639,"column":0},"end":{"line":639,"column":27}},"639":{"start":{"line":640,"column":0},"end":{"line":640,"column":46}},"640":{"start":{"line":641,"column":0},"end":{"line":641,"column":13}},"641":{"start":{"line":642,"column":0},"end":{"line":642,"column":6}},"643":{"start":{"line":644,"column":0},"end":{"line":644,"column":44}},"644":{"start":{"line":645,"column":0},"end":{"line":645,"column":22}},"645":{"start":{"line":646,"column":0},"end":{"line":646,"column":26}},"646":{"start":{"line":647,"column":0},"end":{"line":647,"column":6}},"648":{"start":{"line":649,"column":0},"end":{"line":649,"column":68}},"649":{"start":{"line":650,"column":0},"end":{"line":650,"column":29}},"650":{"start":{"line":651,"column":0},"end":{"line":651,"column":7}},"651":{"start":{"line":652,"column":0},"end":{"line":652,"column":3}},"653":{"start":{"line":654,"column":0},"end":{"line":654,"column":54}},"654":{"start":{"line":655,"column":0},"end":{"line":655,"column":57}},"655":{"start":{"line":656,"column":0},"end":{"line":656,"column":29}},"656":{"start":{"line":657,"column":0},"end":{"line":657,"column":7}},"658":{"start":{"line":659,"column":0},"end":{"line":659,"column":54}},"660":{"start":{"line":661,"column":0},"end":{"line":661,"column":65}},"662":{"start":{"line":663,"column":0},"end":{"line":663,"column":39}},"663":{"start":{"line":664,"column":0},"end":{"line":664,"column":16}},"664":{"start":{"line":665,"column":0},"end":{"line":665,"column":45}},"665":{"start":{"line":666,"column":0},"end":{"line":666,"column":6}},"667":{"start":{"line":668,"column":0},"end":{"line":668,"column":37}},"669":{"start":{"line":670,"column":0},"end":{"line":670,"column":31}},"670":{"start":{"line":671,"column":0},"end":{"line":671,"column":46}},"671":{"start":{"line":672,"column":0},"end":{"line":672,"column":18}},"672":{"start":{"line":673,"column":0},"end":{"line":673,"column":48}},"673":{"start":{"line":674,"column":0},"end":{"line":674,"column":12}},"674":{"start":{"line":675,"column":0},"end":{"line":675,"column":8}},"675":{"start":{"line":676,"column":0},"end":{"line":676,"column":5}},"677":{"start":{"line":678,"column":0},"end":{"line":678,"column":41}},"678":{"start":{"line":679,"column":0},"end":{"line":679,"column":23}},"679":{"start":{"line":680,"column":0},"end":{"line":680,"column":46}},"680":{"start":{"line":681,"column":0},"end":{"line":681,"column":13}},"681":{"start":{"line":682,"column":0},"end":{"line":682,"column":6}},"683":{"start":{"line":684,"column":0},"end":{"line":684,"column":71}},"685":{"start":{"line":686,"column":0},"end":{"line":686,"column":60}},"686":{"start":{"line":687,"column":0},"end":{"line":687,"column":29}},"687":{"start":{"line":688,"column":0},"end":{"line":688,"column":7}},"688":{"start":{"line":689,"column":0},"end":{"line":689,"column":3}},"690":{"start":{"line":691,"column":0},"end":{"line":691,"column":64}},"691":{"start":{"line":692,"column":0},"end":{"line":692,"column":36}},"692":{"start":{"line":693,"column":0},"end":{"line":693,"column":60}},"694":{"start":{"line":695,"column":0},"end":{"line":695,"column":62}},"695":{"start":{"line":696,"column":0},"end":{"line":696,"column":80}},"696":{"start":{"line":697,"column":0},"end":{"line":697,"column":29}},"697":{"start":{"line":698,"column":0},"end":{"line":698,"column":7}},"699":{"start":{"line":700,"column":0},"end":{"line":700,"column":53}},"700":{"start":{"line":701,"column":0},"end":{"line":701,"column":30}},"701":{"start":{"line":702,"column":0},"end":{"line":702,"column":18}},"702":{"start":{"line":703,"column":0},"end":{"line":703,"column":6}},"704":{"start":{"line":705,"column":0},"end":{"line":705,"column":43}},"705":{"start":{"line":706,"column":0},"end":{"line":706,"column":37}},"706":{"start":{"line":707,"column":0},"end":{"line":707,"column":25}},"707":{"start":{"line":708,"column":0},"end":{"line":708,"column":6}},"709":{"start":{"line":710,"column":0},"end":{"line":710,"column":32}},"710":{"start":{"line":711,"column":0},"end":{"line":711,"column":51}},"711":{"start":{"line":712,"column":0},"end":{"line":712,"column":39}},"712":{"start":{"line":713,"column":0},"end":{"line":713,"column":27}},"713":{"start":{"line":714,"column":0},"end":{"line":714,"column":8}},"714":{"start":{"line":715,"column":0},"end":{"line":715,"column":5}},"716":{"start":{"line":717,"column":0},"end":{"line":717,"column":29}},"717":{"start":{"line":718,"column":0},"end":{"line":718,"column":26}},"718":{"start":{"line":719,"column":0},"end":{"line":719,"column":37}},"719":{"start":{"line":720,"column":0},"end":{"line":720,"column":32}},"720":{"start":{"line":721,"column":0},"end":{"line":721,"column":6}},"722":{"start":{"line":723,"column":0},"end":{"line":723,"column":65}},"723":{"start":{"line":724,"column":0},"end":{"line":724,"column":29}},"724":{"start":{"line":725,"column":0},"end":{"line":725,"column":7}},"725":{"start":{"line":726,"column":0},"end":{"line":726,"column":78}},"726":{"start":{"line":727,"column":0},"end":{"line":727,"column":58}},"727":{"start":{"line":728,"column":0},"end":{"line":728,"column":19}},"728":{"start":{"line":729,"column":0},"end":{"line":729,"column":29}},"729":{"start":{"line":730,"column":0},"end":{"line":730,"column":32}},"730":{"start":{"line":731,"column":0},"end":{"line":731,"column":6}},"732":{"start":{"line":733,"column":0},"end":{"line":733,"column":52}},"733":{"start":{"line":734,"column":0},"end":{"line":734,"column":29}},"734":{"start":{"line":735,"column":0},"end":{"line":735,"column":7}},"735":{"start":{"line":736,"column":0},"end":{"line":736,"column":3}},"737":{"start":{"line":738,"column":0},"end":{"line":738,"column":52}},"738":{"start":{"line":739,"column":0},"end":{"line":739,"column":32}},"739":{"start":{"line":740,"column":0},"end":{"line":740,"column":56}},"741":{"start":{"line":742,"column":0},"end":{"line":742,"column":55}},"742":{"start":{"line":743,"column":0},"end":{"line":743,"column":64}},"743":{"start":{"line":744,"column":0},"end":{"line":744,"column":29}},"744":{"start":{"line":745,"column":0},"end":{"line":745,"column":7}},"746":{"start":{"line":747,"column":0},"end":{"line":747,"column":72}},"748":{"start":{"line":749,"column":0},"end":{"line":749,"column":72}},"750":{"start":{"line":751,"column":0},"end":{"line":751,"column":24}},"751":{"start":{"line":752,"column":0},"end":{"line":752,"column":45}},"752":{"start":{"line":753,"column":0},"end":{"line":753,"column":22}},"753":{"start":{"line":754,"column":0},"end":{"line":754,"column":51}},"754":{"start":{"line":755,"column":0},"end":{"line":755,"column":16}},"755":{"start":{"line":756,"column":0},"end":{"line":756,"column":8}},"757":{"start":{"line":758,"column":0},"end":{"line":758,"column":40}},"758":{"start":{"line":759,"column":0},"end":{"line":759,"column":31}},"759":{"start":{"line":760,"column":0},"end":{"line":760,"column":28}},"760":{"start":{"line":761,"column":0},"end":{"line":761,"column":8}},"761":{"start":{"line":762,"column":0},"end":{"line":762,"column":5}},"763":{"start":{"line":764,"column":0},"end":{"line":764,"column":67}},"764":{"start":{"line":765,"column":0},"end":{"line":765,"column":29}},"765":{"start":{"line":766,"column":0},"end":{"line":766,"column":7}},"766":{"start":{"line":767,"column":0},"end":{"line":767,"column":3}},"768":{"start":{"line":769,"column":0},"end":{"line":769,"column":67}},"769":{"start":{"line":770,"column":0},"end":{"line":770,"column":39}},"770":{"start":{"line":771,"column":0},"end":{"line":771,"column":56}},"771":{"start":{"line":772,"column":0},"end":{"line":772,"column":29}},"772":{"start":{"line":773,"column":0},"end":{"line":773,"column":7}},"774":{"start":{"line":775,"column":0},"end":{"line":775,"column":69}},"776":{"start":{"line":777,"column":0},"end":{"line":777,"column":60}},"778":{"start":{"line":779,"column":0},"end":{"line":779,"column":20}},"779":{"start":{"line":780,"column":0},"end":{"line":780,"column":41}},"780":{"start":{"line":781,"column":0},"end":{"line":781,"column":18}},"781":{"start":{"line":782,"column":0},"end":{"line":782,"column":51}},"782":{"start":{"line":783,"column":0},"end":{"line":783,"column":21}},"783":{"start":{"line":784,"column":0},"end":{"line":784,"column":8}},"785":{"start":{"line":786,"column":0},"end":{"line":786,"column":74}},"786":{"start":{"line":787,"column":0},"end":{"line":787,"column":5}},"788":{"start":{"line":789,"column":0},"end":{"line":789,"column":59}},"789":{"start":{"line":790,"column":0},"end":{"line":790,"column":29}},"790":{"start":{"line":791,"column":0},"end":{"line":791,"column":7}},"791":{"start":{"line":792,"column":0},"end":{"line":792,"column":3}},"792":{"start":{"line":793,"column":0},"end":{"line":793,"column":1}}},"s":{"0":1,"8":1,"29":1,"31":1,"32":1,"34":1,"35":1,"36":0,"37":0,"39":1,"40":0,"41":0,"43":1,"44":0,"45":0,"47":1,"48":0,"49":0,"51":1,"55":0,"56":0,"57":0,"59":1,"60":0,"61":0,"63":1,"64":0,"65":0,"66":0,"68":0,"69":0,"71":0,"72":0,"74":1,"75":0,"76":0,"78":0,"80":0,"81":0,"82":0,"83":0,"85":0,"86":0,"88":1,"89":0,"91":0,"93":0,"94":0,"95":0,"96":0,"98":0,"99":0,"100":0,"101":0,"102":0,"103":0,"105":0,"106":0,"108":1,"109":0,"111":0,"113":0,"114":0,"115":0,"117":0,"119":0,"120":0,"121":0,"122":0,"123":0,"124":0,"126":0,"127":0,"128":0,"129":0,"130":0,"132":0,"133":0,"134":0,"136":0,"137":0,"138":0,"139":0,"140":0,"141":0,"142":0,"143":0,"144":0,"146":0,"147":0,"148":0,"149":0,"150":0,"151":0,"152":0,"153":0,"155":0,"156":0,"157":0,"158":0,"160":0,"161":0,"163":1,"164":0,"165":0,"167":0,"168":0,"169":0,"170":0,"171":0,"172":0,"173":0,"175":0,"176":0,"177":0,"178":0,"179":0,"180":0,"181":0,"183":0,"184":0,"185":0,"186":0,"187":0,"188":0,"189":0,"190":0,"191":0,"192":0,"193":0,"194":0,"195":0,"197":0,"198":0,"199":0,"200":0,"201":0,"202":0,"203":0,"204":0,"206":0,"207":0,"209":1,"210":0,"211":0,"212":0,"213":0,"215":0,"216":0,"217":0,"218":0,"219":0,"221":0,"222":0,"223":0,"224":0,"225":0,"226":0,"227":0,"228":0,"229":0,"230":0,"232":0,"233":0,"234":0,"235":0,"236":0,"237":0,"238":0,"239":0,"240":0,"241":0,"242":0,"243":0,"244":0,"245":0,"246":0,"247":0,"248":0,"249":0,"250":0,"251":0,"252":0,"253":0,"254":0,"255":0,"256":0,"257":0,"259":0,"260":0,"262":1,"263":0,"264":0,"266":0,"267":0,"268":0,"269":0,"270":0,"272":0,"273":0,"274":0,"276":0,"277":0,"278":0,"279":0,"280":0,"281":0,"282":0,"284":0,"285":0,"286":0,"287":0,"288":0,"289":0,"290":0,"291":0,"293":0,"294":0,"296":1,"297":0,"299":0,"300":0,"301":0,"302":0,"304":1,"305":0,"306":0,"307":0,"309":0,"310":0,"311":0,"312":0,"313":0,"315":0,"316":0,"317":0,"318":0,"319":0,"320":0,"321":0,"322":0,"323":0,"324":0,"326":0,"327":0,"328":0,"329":0,"330":0,"331":0,"332":0,"333":0,"334":0,"335":0,"336":0,"337":0,"338":0,"339":0,"340":0,"341":0,"342":0,"343":0,"344":0,"345":0,"346":0,"347":0,"348":0,"349":0,"350":0,"351":0,"352":0,"353":0,"354":0,"355":0,"357":0,"358":0,"360":1,"361":0,"362":0,"363":0,"364":0,"365":0,"366":0,"367":0,"368":0,"369":0,"371":0,"372":0,"373":0,"374":0,"375":0,"376":0,"377":0,"378":0,"379":0,"380":0,"381":0,"382":0,"383":0,"385":0,"386":0,"387":0,"388":0,"389":0,"390":0,"391":0,"392":0,"393":0,"394":0,"395":0,"396":0,"397":0,"398":0,"399":0,"400":0,"401":0,"402":0,"403":0,"404":0,"405":0,"406":0,"407":0,"408":0,"409":0,"410":0,"412":0,"413":0,"415":1,"416":0,"417":0,"419":0,"420":0,"421":0,"422":0,"424":0,"425":0,"426":0,"428":0,"429":0,"431":0,"432":0,"433":0,"435":0,"437":0,"438":0,"440":0,"441":0,"443":0,"444":0,"445":0,"446":0,"447":0,"448":0,"449":0,"450":0,"451":0,"452":0,"453":0,"455":0,"456":0,"457":0,"458":0,"460":0,"461":0,"462":0,"463":0,"464":0,"466":0,"468":0,"470":0,"471":0,"472":0,"473":0,"474":0,"475":0,"476":0,"477":0,"478":0,"479":0,"480":0,"481":0,"482":0,"483":0,"484":0,"486":0,"487":0,"488":0,"489":0,"491":0,"492":0,"493":0,"494":0,"496":1,"497":0,"498":0,"499":0,"500":0,"501":0,"502":0,"504":0,"506":0,"507":0,"509":0,"510":0,"512":0,"513":0,"514":0,"516":0,"517":0,"518":0,"519":0,"521":0,"522":0,"523":0,"525":0,"526":0,"527":0,"529":0,"530":0,"531":0,"532":0,"533":0,"534":0,"535":0,"536":0,"537":0,"538":0,"539":0,"540":0,"541":0,"542":0,"543":0,"545":0,"547":0,"548":0,"549":0,"551":0,"553":0,"554":0,"556":1,"557":0,"558":0,"559":0,"560":0,"561":0,"562":0,"563":0,"565":0,"567":0,"569":0,"570":0,"572":0,"573":0,"574":0,"576":0,"578":0,"579":0,"580":0,"582":0,"583":0,"584":0,"586":0,"587":0,"588":0,"589":0,"590":0,"591":0,"592":0,"593":0,"594":0,"595":0,"596":0,"597":0,"598":0,"599":0,"600":0,"601":0,"602":0,"603":0,"604":0,"606":0,"608":0,"609":0,"610":0,"611":0,"613":1,"614":0,"615":0,"616":0,"618":0,"620":0,"622":0,"623":0,"624":0,"625":0,"627":0,"629":0,"630":0,"631":0,"632":0,"633":0,"634":0,"635":0,"637":0,"638":0,"639":0,"640":0,"641":0,"643":0,"644":0,"645":0,"646":0,"648":0,"649":0,"650":0,"651":0,"653":1,"654":0,"655":0,"656":0,"658":0,"660":0,"662":0,"663":0,"664":0,"665":0,"667":0,"669":0,"670":0,"671":0,"672":0,"673":0,"674":0,"675":0,"677":0,"678":0,"679":0,"680":0,"681":0,"683":0,"685":0,"686":0,"687":0,"688":0,"690":1,"691":0,"692":0,"694":0,"695":0,"696":0,"697":0,"699":0,"700":0,"701":0,"702":0,"704":0,"705":0,"706":0,"707":0,"709":0,"710":0,"711":0,"712":0,"713":0,"714":0,"716":0,"717":0,"718":0,"719":0,"720":0,"722":0,"723":0,"724":0,"725":0,"726":0,"727":0,"728":0,"729":0,"730":0,"732":0,"733":0,"734":0,"735":0,"737":1,"738":0,"739":0,"741":0,"742":0,"743":0,"744":0,"746":0,"748":0,"750":0,"751":0,"752":0,"753":0,"754":0,"755":0,"757":0,"758":0,"759":0,"760":0,"761":0,"763":0,"764":0,"765":0,"766":0,"768":1,"769":0,"770":0,"771":0,"772":0,"774":0,"776":0,"778":0,"779":0,"780":0,"781":0,"782":0,"783":0,"785":0,"786":0,"788":0,"789":0,"790":0,"791":0,"792":1},"branchMap":{},"b":{},"fnMap":{"0":{"name":"getSession","decl":{"start":{"line":36,"column":2},"end":{"line":38,"column":3}},"loc":{"start":{"line":36,"column":2},"end":{"line":38,"column":3}},"line":36},"1":{"name":"isLoggedIn","decl":{"start":{"line":40,"column":2},"end":{"line":42,"column":3}},"loc":{"start":{"line":40,"column":2},"end":{"line":42,"column":3}},"line":40},"2":{"name":"getFetch","decl":{"start":{"line":44,"column":2},"end":{"line":46,"column":3}},"loc":{"start":{"line":44,"column":2},"end":{"line":46,"column":3}},"line":44},"3":{"name":"getWebId","decl":{"start":{"line":48,"column":2},"end":{"line":50,"column":3}},"loc":{"start":{"line":48,"column":2},"end":{"line":50,"column":3}},"line":48},"4":{"name":"login","decl":{"start":{"line":52,"column":2},"end":{"line":58,"column":3}},"loc":{"start":{"line":52,"column":2},"end":{"line":58,"column":3}},"line":52},"5":{"name":"logout","decl":{"start":{"line":60,"column":2},"end":{"line":62,"column":3}},"loc":{"start":{"line":60,"column":2},"end":{"line":62,"column":3}},"line":60},"6":{"name":"handleIncomingRedirect","decl":{"start":{"line":64,"column":2},"end":{"line":73,"column":3}},"loc":{"start":{"line":64,"column":2},"end":{"line":73,"column":3}},"line":64},"7":{"name":"findOidcIssuers","decl":{"start":{"line":75,"column":2},"end":{"line":87,"column":3}},"loc":{"start":{"line":75,"column":2},"end":{"line":87,"column":3}},"line":75},"8":{"name":"findAllStorageIris","decl":{"start":{"line":89,"column":2},"end":{"line":107,"column":3}},"loc":{"start":{"line":89,"column":2},"end":{"line":107,"column":3}},"line":89},"9":{"name":"findAllPrivateTypeIndexIrisByWebId","decl":{"start":{"line":109,"column":2},"end":{"line":162,"column":3}},"loc":{"start":{"line":109,"column":2},"end":{"line":162,"column":3}},"line":109},"10":{"name":"findAllInstanceUrls","decl":{"start":{"line":164,"column":2},"end":{"line":208,"column":3}},"loc":{"start":{"line":164,"column":2},"end":{"line":208,"column":3}},"line":164},"11":{"name":"findInstances","decl":{"start":{"line":210,"column":2},"end":{"line":261,"column":3}},"loc":{"start":{"line":210,"column":2},"end":{"line":261,"column":3}},"line":210},"12":{"name":"findAllDeckUrls","decl":{"start":{"line":263,"column":2},"end":{"line":295,"column":3}},"loc":{"start":{"line":263,"column":2},"end":{"line":295,"column":3}},"line":263},"13":{"name":"findAllFlashcardUrls","decl":{"start":{"line":297,"column":2},"end":{"line":303,"column":3}},"loc":{"start":{"line":297,"column":2},"end":{"line":303,"column":3}},"line":297},"14":{"name":"findDecks","decl":{"start":{"line":305,"column":2},"end":{"line":359,"column":3}},"loc":{"start":{"line":305,"column":2},"end":{"line":359,"column":3}},"line":305},"15":{"name":"findFlashcards","decl":{"start":{"line":361,"column":2},"end":{"line":414,"column":3}},"loc":{"start":{"line":361,"column":2},"end":{"line":414,"column":3}},"line":361},"16":{"name":"createInstance","decl":{"start":{"line":416,"column":2},"end":{"line":495,"column":3}},"loc":{"start":{"line":416,"column":2},"end":{"line":495,"column":3}},"line":416},"17":{"name":"createDeck","decl":{"start":{"line":497,"column":2},"end":{"line":555,"column":3}},"loc":{"start":{"line":497,"column":2},"end":{"line":555,"column":3}},"line":497},"18":{"name":"createFlashcard","decl":{"start":{"line":557,"column":2},"end":{"line":612,"column":3}},"loc":{"start":{"line":557,"column":2},"end":{"line":612,"column":3}},"line":557},"19":{"name":"renameInstance","decl":{"start":{"line":614,"column":2},"end":{"line":652,"column":3}},"loc":{"start":{"line":614,"column":2},"end":{"line":652,"column":3}},"line":614},"20":{"name":"renameDeck","decl":{"start":{"line":654,"column":2},"end":{"line":689,"column":3}},"loc":{"start":{"line":654,"column":2},"end":{"line":689,"column":3}},"line":654},"21":{"name":"deleteInstance","decl":{"start":{"line":691,"column":2},"end":{"line":736,"column":3}},"loc":{"start":{"line":691,"column":2},"end":{"line":736,"column":3}},"line":691},"22":{"name":"deleteDeck","decl":{"start":{"line":738,"column":2},"end":{"line":767,"column":3}},"loc":{"start":{"line":738,"column":2},"end":{"line":767,"column":3}},"line":738},"23":{"name":"deleteFlashcard","decl":{"start":{"line":769,"column":2},"end":{"line":792,"column":3}},"loc":{"start":{"line":769,"column":2},"end":{"line":792,"column":3}},"line":769}},"f":{"0":0,"1":0,"2":0,"3":0,"4":0,"5":0,"6":0,"7":0,"8":0,"9":0,"10":0,"11":0,"12":0,"13":0,"14":0,"15":0,"16":0,"17":0,"18":0,"19":0,"20":0,"21":0,"22":0,"23":0}}
,"/home/antwika/development/antwika/solid-memo/packages/inrupt-solid-client-repository/src/index.ts": {"path":"/home/antwika/development/antwika/solid-memo/packages/inrupt-solid-client-repository/src/index.ts","all":false,"statementMap":{"0":{"start":{"line":1,"column":0},"end":{"line":1,"column":46}}},"s":{"0":1},"branchMap":{},"b":{},"fnMap":{},"f":{}}
,"/home/antwika/development/antwika/solid-memo/packages/inrupt-solid-client-repository/src/utils.ts": {"path":"/home/antwika/development/antwika/solid-memo/packages/inrupt-solid-client-repository/src/utils.ts","all":false,"statementMap":{"2":{"start":{"line":3,"column":0},"end":{"line":3,"column":44}},"3":{"start":{"line":4,"column":0},"end":{"line":4,"column":27}},"4":{"start":{"line":5,"column":0},"end":{"line":5,"column":1}},"6":{"start":{"line":7,"column":0},"end":{"line":7,"column":30}},"7":{"start":{"line":8,"column":0},"end":{"line":8,"column":31}},"8":{"start":{"line":9,"column":0},"end":{"line":9,"column":15}},"9":{"start":{"line":10,"column":0},"end":{"line":10,"column":15}},"10":{"start":{"line":11,"column":0},"end":{"line":11,"column":73}}},"s":{"2":1,"3":0,"4":0,"6":1,"7":0,"8":0,"9":0,"10":0},"branchMap":{},"b":{},"fnMap":{"0":{"name":"stripFragment","decl":{"start":{"line":3,"column":7},"end":{"line":5,"column":1}},"loc":{"start":{"line":3,"column":7},"end":{"line":5,"column":1}},"line":3},"1":{"name":"thingContains","decl":{"start":{"line":7,"column":29},"end":{"line":11,"column":73}},"loc":{"start":{"line":7,"column":29},"end":{"line":11,"column":73}},"line":7}},"f":{"0":0,"1":0}}
}
